<?xml version="1.0" encoding="UTF-8"?>
<!-- Generated by org.testng.reporters.JUnitReportReporter -->
<testsuite hostname="DESKTOP-U5UTK7N" failures="0" tests="1" name="com.Banking.TestCases.TestCase_Login_Verification" time="19.833" errors="0" timestamp="2021-04-28T17:48:11 IST" skipped="0">
  <testcase classname="com.Banking.TestCases.TestCase_Login_Verification" name="login" time="19.833"/>
  <system-out/>
</testsuite> <!-- com.Banking.TestCases.TestCase_Login_Verification -->
